C:\CYGWIN\HOME\181068\PERFWINCYG\PERFWIN\PERFWIN\DEBUG\PERFWIN.EXE
C:\CYGWIN\HOME\181068\PERFWINCYG\PERFWIN\PERFWIN\DEBUG\PERFWIN.ILK
C:\CYGWIN\HOME\181068\PERFWINCYG\PERFWIN\PERFWIN\DEBUG\PERFWIN.PDB
C:\cygwin\home\181068\PerfWinCyg\PerfWin\PerfWin\PerfWin\Debug\cl.command.1.tlog
C:\cygwin\home\181068\PerfWinCyg\PerfWin\PerfWin\PerfWin\Debug\CL.read.1.tlog
C:\cygwin\home\181068\PerfWinCyg\PerfWin\PerfWin\PerfWin\Debug\CL.write.1.tlog
C:\cygwin\home\181068\PerfWinCyg\PerfWin\PerfWin\PerfWin\Debug\link.7384.read.1.tlog
C:\cygwin\home\181068\PerfWinCyg\PerfWin\PerfWin\PerfWin\Debug\link.7384.write.1.tlog
C:\cygwin\home\181068\PerfWinCyg\PerfWin\PerfWin\PerfWin\Debug\link.7384-cvtres.read.1.tlog
C:\cygwin\home\181068\PerfWinCyg\PerfWin\PerfWin\PerfWin\Debug\link.7384-cvtres.write.1.tlog
C:\cygwin\home\181068\PerfWinCyg\PerfWin\PerfWin\PerfWin\Debug\link.command.1.tlog
C:\cygwin\home\181068\PerfWinCyg\PerfWin\PerfWin\PerfWin\Debug\link.read.1.tlog
C:\cygwin\home\181068\PerfWinCyg\PerfWin\PerfWin\PerfWin\Debug\link.write.1.tlog
C:\cygwin\home\181068\PerfWinCyg\PerfWin\PerfWin\PerfWin\Debug\link-cvtres.read.1.tlog
C:\cygwin\home\181068\PerfWinCyg\PerfWin\PerfWin\PerfWin\Debug\link-cvtres.write.1.tlog
C:\cygwin\home\181068\PerfWinCyg\PerfWin\PerfWin\PerfWin\Debug\mt.command.1.tlog
C:\cygwin\home\181068\PerfWinCyg\PerfWin\PerfWin\PerfWin\Debug\mt.read.1.tlog
C:\cygwin\home\181068\PerfWinCyg\PerfWin\PerfWin\PerfWin\Debug\mt.write.1.tlog
C:\CYGWIN\HOME\181068\PERFWINCYG\PERFWIN\PERFWIN\PERFWIN\DEBUG\PERFWIN.EXE.EMBED.MANIFEST
C:\CYGWIN\HOME\181068\PERFWINCYG\PERFWIN\PERFWIN\PERFWIN\DEBUG\PERFWIN.EXE.EMBED.MANIFEST.RES
C:\CYGWIN\HOME\181068\PERFWINCYG\PERFWIN\PERFWIN\PERFWIN\DEBUG\PERFWIN.EXE.INTERMEDIATE.MANIFEST
C:\CYGWIN\HOME\181068\PERFWINCYG\PERFWIN\PERFWIN\PERFWIN\DEBUG\PERFWIN.OBJ
C:\CYGWIN\HOME\181068\PERFWINCYG\PERFWIN\PERFWIN\PERFWIN\DEBUG\PERFWIN.PCH
C:\cygwin\home\181068\PerfWinCyg\PerfWin\PerfWin\PerfWin\Debug\PerfWin.vcxprojResolveAssemblyReference.cache
C:\cygwin\home\181068\PerfWinCyg\PerfWin\PerfWin\PerfWin\Debug\PerfWin.write.1.tlog
C:\cygwin\home\181068\PerfWinCyg\PerfWin\PerfWin\PerfWin\Debug\PerfWin_manifest.rc
C:\cygwin\home\181068\PerfWinCyg\PerfWin\PerfWin\PerfWin\Debug\rc.command.1.tlog
C:\cygwin\home\181068\PerfWinCyg\PerfWin\PerfWin\PerfWin\Debug\rc.read.1.tlog
C:\cygwin\home\181068\PerfWinCyg\PerfWin\PerfWin\PerfWin\Debug\rc.write.1.tlog
C:\CYGWIN\HOME\181068\PERFWINCYG\PERFWIN\PERFWIN\PERFWIN\DEBUG\STDAFX.OBJ
C:\cygwin\home\181068\PerfWinCyg\PerfWin\PerfWin\PerfWin\Debug\vc100.idb
C:\CYGWIN\HOME\181068\PERFWINCYG\PERFWIN\PERFWIN\PERFWIN\DEBUG\VC100.PDB
