Build started 6/12/2015 8:01:57 AM.
     1>Project "C:\cygwin\home\181068\PerfWinCyg\PerfWin\PerfWin\PerfWin\PerfWin.vcxproj" on node 2 (rebuild target(s)).
     1>_PrepareForClean:
         Deleting file "Debug\PerfWin.lastbuildstate".
       InitializeBuildStatus:
         Creating "Debug\PerfWin.unsuccessfulbuild" because "AlwaysCreate" was specified.
       ClCompile:
         C:\Program Files (x86)\Microsoft Visual Studio 10.0\VC\bin\CL.exe /c /ZI /nologo /W3 /WX- /Od /Oy- /D WIN32 /D _DEBUG /D _CONSOLE /D _UNICODE /D UNICODE /Gm /EHsc /RTC1 /MDd /GS /fp:precise /Zc:wchar_t /Zc:forScope /Yc"StdAfx.h" /Fp"Debug\PerfWin.pch" /Fo"Debug\\" /Fd"Debug\vc100.pdb" /Gd /TP /analyze- /errorReport:prompt stdafx.cpp
         stdafx.cpp
         C:\Program Files (x86)\Microsoft Visual Studio 10.0\VC\bin\CL.exe /c /ZI /nologo /W3 /WX- /Od /Oy- /D WIN32 /D _DEBUG /D _CONSOLE /D _UNICODE /D UNICODE /Gm /EHsc /RTC1 /MDd /GS /fp:precise /Zc:wchar_t /Zc:forScope /Yu"StdAfx.h" /Fp"Debug\PerfWin.pch" /Fo"Debug\\" /Fd"Debug\vc100.pdb" /Gd /TP /analyze- /errorReport:prompt PerfWin.cpp
         PerfWin.cpp
       ManifestResourceCompile:
         C:\Program Files (x86)\Microsoft SDKs\Windows\v7.0A\bin\rc.exe /nologo /fo"Debug\PerfWin.exe.embed.manifest.res" Debug\PerfWin_manifest.rc 
       Link:
         C:\Program Files (x86)\Microsoft Visual Studio 10.0\VC\bin\link.exe /ERRORREPORT:PROMPT /OUT:"C:\cygwin\home\181068\PerfWinCyg\PerfWin\PerfWin\Debug\PerfWin.exe" /INCREMENTAL /NOLOGO kernel32.lib user32.lib gdi32.lib winspool.lib comdlg32.lib advapi32.lib shell32.lib ole32.lib oleaut32.lib uuid.lib odbc32.lib odbccp32.lib /MANIFEST /ManifestFile:"Debug\PerfWin.exe.intermediate.manifest" /MANIFESTUAC:"level='asInvoker' uiAccess='false'" /DEBUG /PDB:"C:\cygwin\home\181068\PerfWinCyg\PerfWin\PerfWin\Debug\PerfWin.pdb" /SUBSYSTEM:CONSOLE /TLBID:1 /DYNAMICBASE /NXCOMPAT /IMPLIB:"C:\cygwin\home\181068\PerfWinCyg\PerfWin\PerfWin\Debug\PerfWin.lib" /MACHINE:X86 Debug\PerfWin.exe.embed.manifest.res
         Debug\PerfWin.obj
         Debug\stdafx.obj
       Manifest:
         Deleting file "Debug\PerfWin.exe.embed.manifest".
         C:\Program Files (x86)\Microsoft SDKs\Windows\v7.0A\bin\mt.exe /nologo /verbose /out:"Debug\PerfWin.exe.embed.manifest" /manifest Debug\PerfWin.exe.intermediate.manifest
         C:\Program Files (x86)\Microsoft SDKs\Windows\v7.0A\bin\rc.exe /nologo /fo"Debug\PerfWin.exe.embed.manifest.res" Debug\PerfWin_manifest.rc 
       LinkEmbedManifest:
         C:\Program Files (x86)\Microsoft Visual Studio 10.0\VC\bin\link.exe /ERRORREPORT:PROMPT /OUT:"C:\cygwin\home\181068\PerfWinCyg\PerfWin\PerfWin\Debug\PerfWin.exe" /INCREMENTAL /NOLOGO kernel32.lib user32.lib gdi32.lib winspool.lib comdlg32.lib advapi32.lib shell32.lib ole32.lib oleaut32.lib uuid.lib odbc32.lib odbccp32.lib /MANIFEST /ManifestFile:"Debug\PerfWin.exe.intermediate.manifest" /MANIFESTUAC:"level='asInvoker' uiAccess='false'" /DEBUG /PDB:"C:\cygwin\home\181068\PerfWinCyg\PerfWin\PerfWin\Debug\PerfWin.pdb" /SUBSYSTEM:CONSOLE /TLBID:1 /DYNAMICBASE /NXCOMPAT /IMPLIB:"C:\cygwin\home\181068\PerfWinCyg\PerfWin\PerfWin\Debug\PerfWin.lib" /MACHINE:X86 Debug\PerfWin.exe.embed.manifest.res
         Debug\PerfWin.obj
         Debug\stdafx.obj
         PerfWin.vcxproj -> C:\cygwin\home\181068\PerfWinCyg\PerfWin\PerfWin\Debug\PerfWin.exe
       FinalizeBuildStatus:
         Deleting file "Debug\PerfWin.unsuccessfulbuild".
         Touching "Debug\PerfWin.lastbuildstate".
     1>Done Building Project "C:\cygwin\home\181068\PerfWinCyg\PerfWin\PerfWin\PerfWin\PerfWin.vcxproj" (rebuild target(s)).

Build succeeded.

Time Elapsed 00:00:01.51
