Build started 6/12/2015 7:58:11 AM.
     1>Project "C:\cygwin\home\181068\PerfWinCyg\PerfWin\PerfWin\PerfWin\PerfWin.vcxproj" on node 2 (build target(s)).
     1>PrepareForBuild:
         Creating directory "C:\cygwin\home\181068\PerfWinCyg\PerfWin\PerfWin\Release\".
       InitializeBuildStatus:
         Creating "Release\PerfWin.unsuccessfulbuild" because "AlwaysCreate" was specified.
       ClCompile:
         C:\Program Files (x86)\Microsoft Visual Studio 10.0\VC\bin\CL.exe /c /Zi /nologo /W3 /WX- /O2 /Oi /Oy- /GL /D WIN32 /D NDEBUG /D _CONSOLE /D _UNICODE /D UNICODE /Gm- /EHsc /MD /GS /Gy /fp:precise /Zc:wchar_t /Zc:forScope /Yc"StdAfx.h" /Fp"Release\PerfWin.pch" /Fo"Release\\" /Fd"Release\vc100.pdb" /Gd /TP /analyze- /errorReport:prompt stdafx.cpp
         stdafx.cpp
         C:\Program Files (x86)\Microsoft Visual Studio 10.0\VC\bin\CL.exe /c /Zi /nologo /W3 /WX- /O2 /Oi /Oy- /GL /D WIN32 /D NDEBUG /D _CONSOLE /D _UNICODE /D UNICODE /Gm- /EHsc /MD /GS /Gy /fp:precise /Zc:wchar_t /Zc:forScope /Yu"StdAfx.h" /Fp"Release\PerfWin.pch" /Fo"Release\\" /Fd"Release\vc100.pdb" /Gd /TP /analyze- /errorReport:prompt PerfWin.cpp
         PerfWin.cpp
       Link:
         C:\Program Files (x86)\Microsoft Visual Studio 10.0\VC\bin\link.exe /ERRORREPORT:PROMPT /OUT:"C:\cygwin\home\181068\PerfWinCyg\PerfWin\PerfWin\Release\PerfWin.exe" /INCREMENTAL:NO /NOLOGO kernel32.lib user32.lib gdi32.lib winspool.lib comdlg32.lib advapi32.lib shell32.lib ole32.lib oleaut32.lib uuid.lib odbc32.lib odbccp32.lib /MANIFEST /ManifestFile:"Release\PerfWin.exe.intermediate.manifest" /MANIFESTUAC:"level='asInvoker' uiAccess='false'" /DEBUG /PDB:"C:\cygwin\home\181068\PerfWinCyg\PerfWin\PerfWin\Release\PerfWin.pdb" /SUBSYSTEM:CONSOLE /OPT:REF /OPT:ICF /LTCG /TLBID:1 /DYNAMICBASE /NXCOMPAT /IMPLIB:"C:\cygwin\home\181068\PerfWinCyg\PerfWin\PerfWin\Release\PerfWin.lib" /MACHINE:X86 Release\PerfWin.obj
         Release\stdafx.obj
         Generating code
         Finished generating code
         PerfWin.vcxproj -> C:\cygwin\home\181068\PerfWinCyg\PerfWin\PerfWin\Release\PerfWin.exe
       Manifest:
         C:\Program Files (x86)\Microsoft SDKs\Windows\v7.0A\bin\mt.exe /nologo /verbose /outputresource:"C:\cygwin\home\181068\PerfWinCyg\PerfWin\PerfWin\Release\PerfWin.exe;#1" /manifest Release\PerfWin.exe.intermediate.manifest
       FinalizeBuildStatus:
         Deleting file "Release\PerfWin.unsuccessfulbuild".
         Touching "Release\PerfWin.lastbuildstate".
     1>Done Building Project "C:\cygwin\home\181068\PerfWinCyg\PerfWin\PerfWin\PerfWin\PerfWin.vcxproj" (build target(s)).

Build succeeded.

Time Elapsed 00:00:01.08
